1621768703375:ra
1621768718423:r --bookId 1
1621768724954:ra
1621768733338:r --1
1621768742181:r --book-id 1
1622097666133:ra
1622098618231:fa
1622098620835:ra
1622099045110:ra 1
1622099282005:ra
1622099499877:r 11
1622100393838:ra
1622105248870:r 1
1622105251468:ra
1622105256977:r 11
1622105259363:r 2
1622105260579:r 3
1622105262210:r 4
1622105264116:r 5
1622105267100:ra
1622105279560:d 3
1622105378998:ra
1622105452435:r 1
1622105458879:ra
1622105471922:dd 7
1622105474750:d 8
1622105477479:d 7
1622105480339:d 6
1622105481506:d 5
1622105482646:d 4
1622105484154:d 3
1622105485488:r 1
1622105486530:r 2
1622105487511:r 3
1622105489997:ra
1622106255722:r 1
1622106260281:ra
1622106470036:r 1
1622106636688:ra
1622107092469:r 1
1622107099993:ra
1622108626417:r
1622108628877:r 1
1622108631252:ra
1622111248906:r 11
1622111254042:rabc
1622111262549:rbc 1
1622111270377:dbc 1
